# JRE version: Java(TM) SE Runtime Environment (8.0_40-b26) (build 1.8.0_40-b26)
# Java VM: Java HotSpot(TM) 64-Bit Server VM (25.40-b25 mixed mode windows-amd64 compressed oops)
Heap:
 PSYoungGen      total 113664K, used 9264K [0x00000000eab00000, 0x00000000f4700000, 0x0000000100000000)
  eden space 98304K, 9% used [0x00000000eab00000,0x00000000eb40c1f8,0x00000000f0b00000)
  from space 15360K, 0% used [0x00000000f0b00000,0x00000000f0b00000,0x00000000f1a00000)
  to   space 16384K, 0% used [0x00000000f3700000,0x00000000f3700000,0x00000000f4700000)
 ParOldGen       total 64512K, used 18257K [0x00000000c0000000, 0x00000000c3f00000, 0x00000000eab00000)
  object space 64512K, 28% used [0x00000000c0000000,0x00000000c11d4490,0x00000000c3f00000)
 Metaspace       used 34916K, capacity 35688K, committed 35968K, reserved 1081344K
  class space    used 4692K, capacity 4937K, committed 4992K, reserved 1048576K
GC Heap History (10 events):
Event: 5.537 GC heap before
{Heap before GC invocations=7 (full 1):
 PSYoungGen      total 71680K, used 68256K [0x00000000eab00000, 0x00000000f2500000, 0x0000000100000000)
  eden space 66560K, 100% used [0x00000000eab00000,0x00000000eec00000,0x00000000eec00000)
  from space 5120K, 33% used [0x00000000eec00000,0x00000000eeda8030,0x00000000ef100000)
  to   space 11264K, 0% used [0x00000000f1a00000,0x00000000f1a00000,0x00000000f2500000)
 ParOldGen       total 64512K, used 10667K [0x00000000c0000000, 0x00000000c3f00000, 0x00000000eab00000)
  object space 64512K, 16% used [0x00000000c0000000,0x00000000c0a6ac50,0x00000000c3f00000)
 Metaspace       used 21171K, capacity 21610K, committed 21888K, reserved 1069056K
  class space    used 2754K, capacity 2889K, committed 2944K, reserved 1048576K
Event: 5.543 GC heap after
Heap after GC invocations=7 (full 1):
 PSYoungGen      total 112640K, used 2048K [0x00000000eab00000, 0x00000000f2480000, 0x0000000100000000)
  eden space 101888K, 0% used [0x00000000eab00000,0x00000000eab00000,0x00000000f0e80000)
  from space 10752K, 19% used [0x00000000f1a00000,0x00000000f1c00030,0x00000000f2480000)
  to   space 11264K, 0% used [0x00000000f0e80000,0x00000000f0e80000,0x00000000f1980000)
 ParOldGen       total 64512K, used 10667K [0x00000000c0000000, 0x00000000c3f00000, 0x00000000eab00000)
  object space 64512K, 16% used [0x00000000c0000000,0x00000000c0a6ac50,0x00000000c3f00000)
 Metaspace       used 21171K, capacity 21610K, committed 21888K, reserved 1069056K
  class space    used 2754K, capacity 2889K, committed 2944K, reserved 1048576K
}
Event: 8.206 GC heap before
{Heap before GC invocations=8 (full 1):
 PSYoungGen      total 112640K, used 103936K [0x00000000eab00000, 0x00000000f2480000, 0x0000000100000000)
  eden space 101888K, 100% used [0x00000000eab00000,0x00000000f0e80000,0x00000000f0e80000)
  from space 10752K, 19% used [0x00000000f1a00000,0x00000000f1c00030,0x00000000f2480000)
  to   space 11264K, 0% used [0x00000000f0e80000,0x00000000f0e80000,0x00000000f1980000)
 ParOldGen       total 64512K, used 10667K [0x00000000c0000000, 0x00000000c3f00000, 0x00000000eab00000)
  object space 64512K, 16% used [0x00000000c0000000,0x00000000c0a6ac50,0x00000000c3f00000)
 Metaspace       used 25962K, capacity 26570K, committed 26752K, reserved 1073152K
  class space    used 3454K, capacity 3612K, committed 3712K, reserved 1048576K
Event: 8.225 GC heap after
Heap after GC invocations=8 (full 1):
 PSYoungGen      total 113152K, used 9508K [0x00000000eab00000, 0x00000000f2480000, 0x0000000100000000)
  eden space 101888K, 0% used [0x00000000eab00000,0x00000000eab00000,0x00000000f0e80000)
  from space 11264K, 84% used [0x00000000f0e80000,0x00000000f17c90e0,0x00000000f1980000)
  to   space 10752K, 0% used [0x00000000f1a00000,0x00000000f1a00000,0x00000000f2480000)
 ParOldGen       total 64512K, used 10675K [0x00000000c0000000, 0x00000000c3f00000, 0x00000000eab00000)
  object space 64512K, 16% used [0x00000000c0000000,0x00000000c0a6cc50,0x00000000c3f00000)
 Metaspace       used 25962K, capacity 26570K, committed 26752K, reserved 1073152K
  class space    used 3454K, capacity 3612K, committed 3712K, reserved 1048576K
}
Event: 16.021 GC heap before
{Heap before GC invocations=9 (full 1):
 PSYoungGen      total 113152K, used 111396K [0x00000000eab00000, 0x00000000f2480000, 0x0000000100000000)
  eden space 101888K, 100% used [0x00000000eab00000,0x00000000f0e80000,0x00000000f0e80000)
  from space 11264K, 84% used [0x00000000f0e80000,0x00000000f17c90e0,0x00000000f1980000)
  to   space 10752K, 0% used [0x00000000f1a00000,0x00000000f1a00000,0x00000000f2480000)
 ParOldGen       total 64512K, used 10675K [0x00000000c0000000, 0x00000000c3f00000, 0x00000000eab00000)
  object space 64512K, 16% used [0x00000000c0000000,0x00000000c0a6cc50,0x00000000c3f00000)
 Metaspace       used 32680K, capacity 33374K, committed 33536K, reserved 1079296K
  class space    used 4337K, capacity 4536K, committed 4608K, reserved 1048576K
Event: 16.042 GC heap after
Heap after GC invocations=9 (full 1):
 PSYoungGen      total 109056K, used 10721K [0x00000000eab00000, 0x00000000f5780000, 0x0000000100000000)
  eden space 98304K, 0% used [0x00000000eab00000,0x00000000eab00000,0x00000000f0b00000)
  from space 10752K, 99% used [0x00000000f1a00000,0x00000000f24785d8,0x00000000f2480000)
  to   space 15360K, 0% used [0x00000000f0b00000,0x00000000f0b00000,0x00000000f1a00000)
 ParOldGen       total 64512K, used 13849K [0x00000000c0000000, 0x00000000c3f00000, 0x00000000eab00000)
  object space 64512K, 21% used [0x00000000c0000000,0x00000000c0d86478,0x00000000c3f00000)
 Metaspace       used 32680K, capacity 33374K, committed 33536K, reserved 1079296K
  class space    used 4337K, capacity 4536K, committed 4608K, reserved 1048576K
}
Event: 16.736 GC heap before
{Heap before GC invocations=10 (full 1):
 PSYoungGen      total 109056K, used 37758K [0x00000000eab00000, 0x00000000f5780000, 0x0000000100000000)
  eden space 98304K, 27% used [0x00000000eab00000,0x00000000ec5674d0,0x00000000f0b00000)
  from space 10752K, 99% used [0x00000000f1a00000,0x00000000f24785d8,0x00000000f2480000)
  to   space 15360K, 0% used [0x00000000f0b00000,0x00000000f0b00000,0x00000000f1a00000)
 ParOldGen       total 64512K, used 13849K [0x00000000c0000000, 0x00000000c3f00000, 0x00000000eab00000)
  object space 64512K, 21% used [0x00000000c0000000,0x00000000c0d86478,0x00000000c3f00000)
 Metaspace       used 34606K, capacity 35368K, committed 35496K, reserved 1079296K
  class space    used 4634K, capacity 4833K, committed 4864K, reserved 1048576K
Event: 16.752 GC heap after
Heap after GC invocations=10 (full 1):
 PSYoungGen      total 113664K, used 11193K [0x00000000eab00000, 0x00000000f4700000, 0x0000000100000000)
  eden space 98304K, 0% used [0x00000000eab00000,0x00000000eab00000,0x00000000f0b00000)
  from space 15360K, 72% used [0x00000000f0b00000,0x00000000f15ee7d8,0x00000000f1a00000)
  to   space 16384K, 0% used [0x00000000f3700000,0x00000000f3700000,0x00000000f4700000)
 ParOldGen       total 64512K, used 14473K [0x00000000c0000000, 0x00000000c3f00000, 0x00000000eab00000)
  object space 64512K, 22% used [0x00000000c0000000,0x00000000c0e224c8,0x00000000c3f00000)
 Metaspace       used 34606K, capacity 35368K, committed 35496K, reserved 1079296K
  class space    used 4634K, capacity 4833K, committed 4864K, reserved 1048576K
}
Event: 16.752 GC heap before
{Heap before GC invocations=11 (full 2):
 PSYoungGen      total 113664K, used 11193K [0x00000000eab00000, 0x00000000f4700000, 0x0000000100000000)
  eden space 98304K, 0% used [0x00000000eab00000,0x00000000eab00000,0x00000000f0b00000)
  from space 15360K, 72% used [0x00000000f0b00000,0x00000000f15ee7d8,0x00000000f1a00000)
  to   space 16384K, 0% used [0x00000000f3700000,0x00000000f3700000,0x00000000f4700000)
 ParOldGen       total 64512K, used 14473K [0x00000000c0000000, 0x00000000c3f00000, 0x00000000eab00000)
  object space 64512K, 22% used [0x00000000c0000000,0x00000000c0e224c8,0x00000000c3f00000)
 Metaspace       used 34606K, capacity 35368K, committed 35496K, reserved 1079296K
  class space    used 4634K, capacity 4833K, committed 4864K, reserved 1048576K
Event: 16.909 GC heap after
Heap after GC invocations=11 (full 2):
 PSYoungGen      total 113664K, used 0K [0x00000000eab00000, 0x00000000f4700000, 0x0000000100000000)
  eden space 98304K, 0% used [0x00000000eab00000,0x00000000eab00000,0x00000000f0b00000)
  from space 15360K, 0% used [0x00000000f0b00000,0x00000000f0b00000,0x00000000f1a00000)
  to   space 16384K, 0% used [0x00000000f3700000,0x00000000f3700000,0x00000000f4700000)
 ParOldGen       total 64512K, used 18257K [0x00000000c0000000, 0x00000000c3f00000, 0x00000000eab00000)
  object space 64512K, 28% used [0x00000000c0000000,0x00000000c11d4490,0x00000000c3f00000)
 Metaspace       used 34586K, capacity 35346K, committed 35496K, reserved 1079296K
  class space    used 4628K, capacity 4827K, committed 4864K, reserved 1048576K
}

