# JRE version: Java(TM) SE Runtime Environment (8.0_40-b26) (build 1.8.0_40-b26)
# Java VM: Java HotSpot(TM) 64-Bit Server VM (25.40-b25 mixed mode windows-amd64 compressed oops)
Heap:
 PSYoungGen      total 109568K, used 37325K [0x00000000eab00000, 0x00000000f4100000, 0x0000000100000000)
  eden space 96256K, 38% used [0x00000000eab00000,0x00000000ecf73698,0x00000000f0900000)
  from space 13312K, 0% used [0x00000000f0900000,0x00000000f0900000,0x00000000f1600000)
  to   space 15360K, 0% used [0x00000000f3200000,0x00000000f3200000,0x00000000f4100000)
 ParOldGen       total 66048K, used 20231K [0x00000000c0000000, 0x00000000c4080000, 0x00000000eab00000)
  object space 66048K, 30% used [0x00000000c0000000,0x00000000c13c1ea8,0x00000000c4080000)
 Metaspace       used 35871K, capacity 36704K, committed 36864K, reserved 1081344K
  class space    used 4814K, capacity 5040K, committed 5120K, reserved 1048576K
GC Heap History (10 events):
Event: 9.661 GC heap before
{Heap before GC invocations=9 (full 1):
 PSYoungGen      total 59904K, used 50032K [0x00000000eab00000, 0x00000000f0980000, 0x0000000100000000)
  eden space 48128K, 100% used [0x00000000eab00000,0x00000000eda00000,0x00000000eda00000)
  from space 11776K, 16% used [0x00000000eda00000,0x00000000edbdc040,0x00000000ee580000)
  to   space 11264K, 0% used [0x00000000efe80000,0x00000000efe80000,0x00000000f0980000)
 ParOldGen       total 66048K, used 10676K [0x00000000c0000000, 0x00000000c4080000, 0x00000000eab00000)
  object space 66048K, 16% used [0x00000000c0000000,0x00000000c0a6d2d8,0x00000000c4080000)
 Metaspace       used 21161K, capacity 21610K, committed 21888K, reserved 1069056K
  class space    used 2754K, capacity 2889K, committed 2944K, reserved 1048576K
Event: 9.670 GC heap after
Heap after GC invocations=9 (full 1):
 PSYoungGen      total 85504K, used 2656K [0x00000000eab00000, 0x00000000f0c00000, 0x0000000100000000)
  eden space 74240K, 0% used [0x00000000eab00000,0x00000000eab00000,0x00000000ef380000)
  from space 11264K, 23% used [0x00000000efe80000,0x00000000f0118030,0x00000000f0980000)
  to   space 11264K, 0% used [0x00000000ef380000,0x00000000ef380000,0x00000000efe80000)
 ParOldGen       total 66048K, used 10676K [0x00000000c0000000, 0x00000000c4080000, 0x00000000eab00000)
  object space 66048K, 16% used [0x00000000c0000000,0x00000000c0a6d2d8,0x00000000c4080000)
 Metaspace       used 21161K, capacity 21610K, committed 21888K, reserved 1069056K
  class space    used 2754K, capacity 2889K, committed 2944K, reserved 1048576K
}
Event: 12.669 GC heap before
{Heap before GC invocations=10 (full 1):
 PSYoungGen      total 85504K, used 76896K [0x00000000eab00000, 0x00000000f0c00000, 0x0000000100000000)
  eden space 74240K, 100% used [0x00000000eab00000,0x00000000ef380000,0x00000000ef380000)
  from space 11264K, 23% used [0x00000000efe80000,0x00000000f0118030,0x00000000f0980000)
  to   space 11264K, 0% used [0x00000000ef380000,0x00000000ef380000,0x00000000efe80000)
 ParOldGen       total 66048K, used 10676K [0x00000000c0000000, 0x00000000c4080000, 0x00000000eab00000)
  object space 66048K, 16% used [0x00000000c0000000,0x00000000c0a6d2d8,0x00000000c4080000)
 Metaspace       used 26197K, capacity 26730K, committed 27008K, reserved 1073152K
  class space    used 3501K, capacity 3644K, committed 3712K, reserved 1048576K
Event: 12.682 GC heap after
Heap after GC invocations=10 (full 1):
 PSYoungGen      total 85504K, used 9825K [0x00000000eab00000, 0x00000000f2300000, 0x0000000100000000)
  eden space 74240K, 0% used [0x00000000eab00000,0x00000000eab00000,0x00000000ef380000)
  from space 11264K, 87% used [0x00000000ef380000,0x00000000efd18500,0x00000000efe80000)
  to   space 12288K, 0% used [0x00000000f1700000,0x00000000f1700000,0x00000000f2300000)
 ParOldGen       total 66048K, used 10684K [0x00000000c0000000, 0x00000000c4080000, 0x00000000eab00000)
  object space 66048K, 16% used [0x00000000c0000000,0x00000000c0a6f2d8,0x00000000c4080000)
 Metaspace       used 26197K, capacity 26730K, committed 27008K, reserved 1073152K
  class space    used 3501K, capacity 3644K, committed 3712K, reserved 1048576K
}
Event: 16.457 GC heap before
{Heap before GC invocations=11 (full 1):
 PSYoungGen      total 85504K, used 84065K [0x00000000eab00000, 0x00000000f2300000, 0x0000000100000000)
  eden space 74240K, 100% used [0x00000000eab00000,0x00000000ef380000,0x00000000ef380000)
  from space 11264K, 87% used [0x00000000ef380000,0x00000000efd18500,0x00000000efe80000)
  to   space 12288K, 0% used [0x00000000f1700000,0x00000000f1700000,0x00000000f2300000)
 ParOldGen       total 66048K, used 10684K [0x00000000c0000000, 0x00000000c4080000, 0x00000000eab00000)
  object space 66048K, 16% used [0x00000000c0000000,0x00000000c0a6f2d8,0x00000000c4080000)
 Metaspace       used 30392K, capacity 30946K, committed 31104K, reserved 1077248K
  class space    used 4030K, capacity 4192K, committed 4224K, reserved 1048576K
Event: 16.471 GC heap after
Heap after GC invocations=11 (full 1):
 PSYoungGen      total 108544K, used 9157K [0x00000000eab00000, 0x00000000f2300000, 0x0000000100000000)
  eden space 96256K, 0% used [0x00000000eab00000,0x00000000eab00000,0x00000000f0900000)
  from space 12288K, 74% used [0x00000000f1700000,0x00000000f1ff1450,0x00000000f2300000)
  to   space 13312K, 0% used [0x00000000f0900000,0x00000000f0900000,0x00000000f1600000)
 ParOldGen       total 66048K, used 11124K [0x00000000c0000000, 0x00000000c4080000, 0x00000000eab00000)
  object space 66048K, 16% used [0x00000000c0000000,0x00000000c0add308,0x00000000c4080000)
 Metaspace       used 30392K, capacity 30946K, committed 31104K, reserved 1077248K
  class space    used 4030K, capacity 4192K, committed 4224K, reserved 1048576K
}
Event: 20.075 GC heap before
{Heap before GC invocations=12 (full 1):
 PSYoungGen      total 108544K, used 59754K [0x00000000eab00000, 0x00000000f2300000, 0x0000000100000000)
  eden space 96256K, 52% used [0x00000000eab00000,0x00000000edc695c0,0x00000000f0900000)
  from space 12288K, 74% used [0x00000000f1700000,0x00000000f1ff1450,0x00000000f2300000)
  to   space 13312K, 0% used [0x00000000f0900000,0x00000000f0900000,0x00000000f1600000)
 ParOldGen       total 66048K, used 11124K [0x00000000c0000000, 0x00000000c4080000, 0x00000000eab00000)
  object space 66048K, 16% used [0x00000000c0000000,0x00000000c0add308,0x00000000c4080000)
 Metaspace       used 34618K, capacity 35368K, committed 35496K, reserved 1079296K
  class space    used 4633K, capacity 4833K, committed 4864K, reserved 1048576K
Event: 20.098 GC heap after
Heap after GC invocations=12 (full 1):
 PSYoungGen      total 109568K, used 13292K [0x00000000eab00000, 0x00000000f4100000, 0x0000000100000000)
  eden space 96256K, 0% used [0x00000000eab00000,0x00000000eab00000,0x00000000f0900000)
  from space 13312K, 99% used [0x00000000f0900000,0x00000000f15fb228,0x00000000f1600000)
  to   space 15360K, 0% used [0x00000000f3200000,0x00000000f3200000,0x00000000f4100000)
 ParOldGen       total 66048K, used 11308K [0x00000000c0000000, 0x00000000c4080000, 0x00000000eab00000)
  object space 66048K, 17% used [0x00000000c0000000,0x00000000c0b0b328,0x00000000c4080000)
 Metaspace       used 34618K, capacity 35368K, committed 35496K, reserved 1079296K
  class space    used 4633K, capacity 4833K, committed 4864K, reserved 1048576K
}
Event: 20.098 GC heap before
{Heap before GC invocations=13 (full 2):
 PSYoungGen      total 109568K, used 13292K [0x00000000eab00000, 0x00000000f4100000, 0x0000000100000000)
  eden space 96256K, 0% used [0x00000000eab00000,0x00000000eab00000,0x00000000f0900000)
  from space 13312K, 99% used [0x00000000f0900000,0x00000000f15fb228,0x00000000f1600000)
  to   space 15360K, 0% used [0x00000000f3200000,0x00000000f3200000,0x00000000f4100000)
 ParOldGen       total 66048K, used 11308K [0x00000000c0000000, 0x00000000c4080000, 0x00000000eab00000)
  object space 66048K, 17% used [0x00000000c0000000,0x00000000c0b0b328,0x00000000c4080000)
 Metaspace       used 34618K, capacity 35368K, committed 35496K, reserved 1079296K
  class space    used 4633K, capacity 4833K, committed 4864K, reserved 1048576K
Event: 20.243 GC heap after
Heap after GC invocations=13 (full 2):
 PSYoungGen      total 109568K, used 0K [0x00000000eab00000, 0x00000000f4100000, 0x0000000100000000)
  eden space 96256K, 0% used [0x00000000eab00000,0x00000000eab00000,0x00000000f0900000)
  from space 13312K, 0% used [0x00000000f0900000,0x00000000f0900000,0x00000000f1600000)
  to   space 15360K, 0% used [0x00000000f3200000,0x00000000f3200000,0x00000000f4100000)
 ParOldGen       total 66048K, used 20231K [0x00000000c0000000, 0x00000000c4080000, 0x00000000eab00000)
  object space 66048K, 30% used [0x00000000c0000000,0x00000000c13c1ea8,0x00000000c4080000)
 Metaspace       used 34599K, capacity 35346K, committed 35496K, reserved 1079296K
  class space    used 4627K, capacity 4827K, committed 4864K, reserved 1048576K
}

